build/outputs/logs/manifest-merger-release-report.txt
-- Merging decision tree log ---
manifest
ADDED from src/main/AndroidManifest.xml:1:1-28:12
INJECTED from src/main/AndroidManifest.xml:1:1-28:12
INJECTED from src/main/AndroidManifest.xml:1:1-28:12
	package
		ADDED from src/main/AndroidManifest.xml:3:5-36
		INJECTED from src/main/AndroidManifest.xml
		INJECTED from src/main/AndroidManifest.xml
	xmlns:tools
		ADDED from src/main/AndroidManifest.xml:2:5-51
	xmlns:android
		ADDED from src/main/AndroidManifest.xml:1:11-69
application
ADDED from src/main/AndroidManifest.xml:5:5-11:19
	android:supportsRtl
		ADDED from src/main/AndroidManifest.xml:7:9-35
	android:allowBackup
		ADDED from src/main/AndroidManifest.xml:6:9-35
uses-feature#android.hardware.camera
ADDED from src/main/AndroidManifest.xml:14:5-60
	android:name
		ADDED from src/main/AndroidManifest.xml:14:19-57
uses-feature#android.hardware.camera.autofocus
ADDED from src/main/AndroidManifest.xml:15:5-70
	android:name
		ADDED from src/main/AndroidManifest.xml:15:19-67
uses-permission#android.permission.CAMERA
ADDED from src/main/AndroidManifest.xml:17:5-65
	android:name
		ADDED from src/main/AndroidManifest.xml:17:22-62
uses-permission#android.permission.WRITE_CONTACTS
ADDED from src/main/AndroidManifest.xml:19:5-73
	android:name
		ADDED from src/main/AndroidManifest.xml:19:22-70
uses-permission#android.permission.READ_CONTACTS
ADDED from src/main/AndroidManifest.xml:21:5-72
	android:name
		ADDED from src/main/AndroidManifest.xml:21:22-69
uses-permission#android.permission.WRITE_EXTERNAL_STORAGE
ADDED from src/main/AndroidManifest.xml:22:5-81
	android:name
		ADDED from src/main/AndroidManifest.xml:22:22-78
uses-permission#android.permission.READ_EXTERNAL_STORAGE
ADDED from src/main/AndroidManifest.xml:23:5-80
	android:name
		ADDED from src/main/AndroidManifest.xml:23:22-77
uses-permission#android.permission.ACCESS_FINE_LOCATION
ADDED from src/main/AndroidManifest.xml:24:5-79
	android:name
		ADDED from src/main/AndroidManifest.xml:24:22-76
uses-permission#android.permission.ACCESS_LOCATION_EXTRA_COMMANDS
ADDED from src/main/AndroidManifest.xml:25:5-89
	android:name
		ADDED from src/main/AndroidManifest.xml:25:22-86
uses-permission#android.permission.PACKAGE_USAGE_STATS
ADDED from src/main/AndroidManifest.xml:26:5-114
	tools:ignore
		ADDED from src/main/AndroidManifest.xml:26:76-111
	android:name
		ADDED from src/main/AndroidManifest.xml:26:22-75
uses-sdk
INJECTED from src/main/AndroidManifest.xml reason: use-sdk injection requested
INJECTED from src/main/AndroidManifest.xml
INJECTED from src/main/AndroidManifest.xml
INJECTED from src/main/AndroidManifest.xml
INJECTED from src/main/AndroidManifest.xml
	android:targetSdkVersion
		INJECTED from src/main/AndroidManifest.xml
		ADDED from src/main/AndroidManifest.xml
		INJECTED from src/main/AndroidManifest.xml
	android:minSdkVersion
		INJECTED from src/main/AndroidManifest.xml
		ADDED from src/main/AndroidManifest.xml
		INJECTED from src/main/AndroidManifest.xml